<?xml version="1.0" encoding="UTF-8"?>
<TestRun id="5fbaad80-30e4-42a7-a2b4-3da75a9e7135" name="michalm@LPMICHALM-1 2012-11-11 21:56:27" runUser="SOFTSYSTEM\michalm" xmlns="http://microsoft.com/schemas/VisualStudio/TeamTest/2010">
  <TestSettings name="Local" id="1decb593-ac0b-402f-aa65-9dc5218e5839">
    <Description>These are default test settings for a local test run.</Description>
    <Deployment enabled="false" runDeploymentRoot="michalm_LPMICHALM-1 2012-11-11 21_56_27">
      <DeploymentItem filename="C:\Users\michalm\Documents\Visual Studio 2010\Projects2\EnglishLesson\EnglishLesson\bin\EnglishLesson.dll" />
      <DeploymentItem filename="C:\Users\michalm\Documents\Visual Studio 2010\Projects2\EnglishLesson\packages\EntityFramework.5.0.0\lib\net40\EntityFramework.dll" />
    </Deployment>
    <Execution>
      <TestTypeSpecific />
      <AgentRule name="Execution Agents">
      </AgentRule>
    </Execution>
  </TestSettings>
  <Times creation="2012-11-11T21:56:27.3797499+01:00" queuing="2012-11-11T21:56:27.4317528+01:00" start="2012-11-11T21:56:27.4467537+01:00" finish="2012-11-11T21:56:28.0087858+01:00" />
  <ResultSummary outcome="Failed">
    <Counters total="1" executed="1" error="0" failed="1" timeout="0" aborted="0" inconclusive="0" passedButRunAborted="0" notRunnable="0" notExecuted="0" disconnected="0" warning="0" passed="0" completed="0" inProgress="0" pending="0" />
  </ResultSummary>
  <TestDefinitions>
    <UnitTest name="TestMethod1" storage="c:\users\michalm\documents\visual studio 2010\projects2\englishlesson\testproject1\bin\debug\testproject1.dll" id="59863143-3238-122e-4d8a-637b491cc755">
      <Execution id="b855d724-c742-44d7-b744-ba4077171780" />
      <TestMethod codeBase="C:/Users/michalm/Documents/Visual Studio 2010/Projects2/EnglishLesson/TestProject1/bin/Debug/TestProject1.DLL" adapterTypeName="Microsoft.VisualStudio.TestTools.TestTypes.Unit.UnitTestAdapter, Microsoft.VisualStudio.QualityTools.Tips.UnitTest.Adapter, Version=10.0.0.0, Culture=neutral, PublicKeyToken=b03f5f7f11d50a3a" className="TestProject1.UnitTest1, TestProject1, Version=1.0.0.0, Culture=neutral, PublicKeyToken=null" name="TestMethod1" />
    </UnitTest>
  </TestDefinitions>
  <TestLists>
    <TestList name="Results Not in a List" id="8c84fa94-04c1-424b-9868-57a2d4851a1d" />
    <TestList name="All Loaded Results" id="19431567-8539-422a-85d7-44ee4e166bda" />
  </TestLists>
  <TestEntries>
    <TestEntry testId="59863143-3238-122e-4d8a-637b491cc755" executionId="b855d724-c742-44d7-b744-ba4077171780" testListId="8c84fa94-04c1-424b-9868-57a2d4851a1d" />
  </TestEntries>
  <Results>
    <UnitTestResult executionId="b855d724-c742-44d7-b744-ba4077171780" testId="59863143-3238-122e-4d8a-637b491cc755" testName="TestMethod1" computerName="LPMICHALM-1" duration="00:00:00.3452884" startTime="2012-11-11T21:56:27.4537541+01:00" endTime="2012-11-11T21:56:27.9887847+01:00" testType="13cdc9d9-ddb5-4fa4-a97d-d965ccfc6d4b" outcome="Failed" testListId="8c84fa94-04c1-424b-9868-57a2d4851a1d" relativeResultsDirectory="b855d724-c742-44d7-b744-ba4077171780">
      <Output>
        <ErrorInfo>
          <Message>Test method TestProject1.UnitTest1.TestMethod1 threw exception: 
System.Data.Entity.ModelConfiguration.ModelValidationException: One or more validation errors were detected during model generation:

\tSystem.Data.Entity.Edm.EdmEntityType: : EntityType 'VocabularyItem' has no key defined. Define the key for this EntityType.
\tSystem.Data.Entity.Edm.EdmEntitySet: EntityType: EntitySet 'VocabularyItems' is based on type 'VocabularyItem' that has no keys defined.
</Message>
          <StackTrace>    at System.Data.Entity.ModelConfiguration.Edm.EdmModelExtensions.ValidateAndSerializeCsdl(EdmModel model, XmlWriter writer)
   at System.Data.Entity.DbModelBuilder.Build(DbProviderManifest providerManifest, DbProviderInfo providerInfo)
   at System.Data.Entity.DbModelBuilder.Build(DbConnection providerConnection)
   at System.Data.Entity.Internal.LazyInternalContext.CreateModel(LazyInternalContext internalContext)
   at System.Data.Entity.Internal.RetryLazy`2.GetValue(TInput input)
   at System.Data.Entity.Internal.LazyInternalContext.InitializeContext()
   at System.Data.Entity.Internal.InternalContext.GetEntitySetAndBaseTypeForType(Type entityType)
   at System.Data.Entity.Internal.Linq.InternalSet`1.Initialize()
   at System.Data.Entity.Internal.Linq.InternalSet`1.get_InternalContext()
   at System.Data.Entity.Internal.Linq.InternalSet`1.ActOnSet(Action action, EntityState newState, Object entity, String methodName)
   at System.Data.Entity.Internal.Linq.InternalSet`1.Add(Object entity)
   at System.Data.Entity.DbSet`1.Add(TEntity entity)
   at TestProject1.UnitTest1.TestMethod1() in C:\Users\michalm\Documents\Visual Studio 2010\Projects2\EnglishLesson\TestProject1\UnitTest1.cs:line 19
</StackTrace>
        </ErrorInfo>
      </Output>
    </UnitTestResult>
  </Results>
</TestRun>