<?xml version="1.0" encoding="UTF-8"?>
<TestRun id="73bc8ae2-a92b-408d-b86b-0fcb2fda5e55" name="michalm@LPMICHALM-1 2012-11-11 21:59:15" runUser="SOFTSYSTEM\michalm" xmlns="http://microsoft.com/schemas/VisualStudio/TeamTest/2010">
  <TestSettings name="Local" id="1decb593-ac0b-402f-aa65-9dc5218e5839">
    <Description>These are default test settings for a local test run.</Description>
    <Deployment enabled="false" runDeploymentRoot="michalm_LPMICHALM-1 2012-11-11 21_59_15">
      <DeploymentItem filename="C:\Users\michalm\Documents\Visual Studio 2010\Projects2\EnglishLesson\EnglishLesson\bin\EnglishLesson.dll" />
      <DeploymentItem filename="C:\Users\michalm\Documents\Visual Studio 2010\Projects2\EnglishLesson\packages\EntityFramework.5.0.0\lib\net40\EntityFramework.dll" />
    </Deployment>
    <Execution>
      <TestTypeSpecific />
      <AgentRule name="Execution Agents">
      </AgentRule>
    </Execution>
  </TestSettings>
  <Times creation="2012-11-11T21:59:15.9773931+01:00" queuing="2012-11-11T21:59:16.0723985+01:00" start="2012-11-11T21:59:16.0853993+01:00" finish="2012-11-11T21:59:26.2939832+01:00" />
  <ResultSummary outcome="Completed">
    <Counters total="1" executed="1" passed="1" error="0" failed="0" timeout="0" aborted="0" inconclusive="0" passedButRunAborted="0" notRunnable="0" notExecuted="0" disconnected="0" warning="0" completed="0" inProgress="0" pending="0" />
  </ResultSummary>
  <TestDefinitions>
    <UnitTest name="TestMethod1" storage="c:\users\michalm\documents\visual studio 2010\projects2\englishlesson\testproject1\bin\debug\testproject1.dll" id="59863143-3238-122e-4d8a-637b491cc755">
      <Execution id="5c132dc1-2ff9-4943-930d-863376714b4b" />
      <TestMethod codeBase="C:/Users/michalm/Documents/Visual Studio 2010/Projects2/EnglishLesson/TestProject1/bin/Debug/TestProject1.DLL" adapterTypeName="Microsoft.VisualStudio.TestTools.TestTypes.Unit.UnitTestAdapter, Microsoft.VisualStudio.QualityTools.Tips.UnitTest.Adapter, Version=10.0.0.0, Culture=neutral, PublicKeyToken=b03f5f7f11d50a3a" className="TestProject1.UnitTest1, TestProject1, Version=1.0.0.0, Culture=neutral, PublicKeyToken=null" name="TestMethod1" />
    </UnitTest>
  </TestDefinitions>
  <TestLists>
    <TestList name="Results Not in a List" id="8c84fa94-04c1-424b-9868-57a2d4851a1d" />
    <TestList name="All Loaded Results" id="19431567-8539-422a-85d7-44ee4e166bda" />
  </TestLists>
  <TestEntries>
    <TestEntry testId="59863143-3238-122e-4d8a-637b491cc755" executionId="5c132dc1-2ff9-4943-930d-863376714b4b" testListId="8c84fa94-04c1-424b-9868-57a2d4851a1d" />
  </TestEntries>
  <Results>
    <UnitTestResult executionId="5c132dc1-2ff9-4943-930d-863376714b4b" testId="59863143-3238-122e-4d8a-637b491cc755" testName="TestMethod1" computerName="LPMICHALM-1" duration="00:00:09.9631922" startTime="2012-11-11T21:59:16.0913996+01:00" endTime="2012-11-11T21:59:26.2719819+01:00" testType="13cdc9d9-ddb5-4fa4-a97d-d965ccfc6d4b" outcome="Passed" testListId="8c84fa94-04c1-424b-9868-57a2d4851a1d" relativeResultsDirectory="5c132dc1-2ff9-4943-930d-863376714b4b">
    </UnitTestResult>
  </Results>
</TestRun>